Flow report for PROC-ECE_ASYNC
Tue Jun 14 17:21:40 2022
Quartus Prime Version 18.0.0 Build 614 04/24/2018 SJ Lite Edition


---------------------
; Table of Contents ;
---------------------
  1. Legal Notice
  2. Flow Summary
  3. Flow Settings
  4. Flow Non-Default Global Settings
  5. Flow Elapsed Time
  6. Flow OS Summary
  7. Flow Log
  8. Flow Messages
  9. Flow Suppressed Messages



----------------
; Legal Notice ;
----------------
Copyright (C) 2018  Intel Corporation. All rights reserved.
Your use of Intel Corporation's design tools, logic functions 
and other software and tools, and its AMPP partner logic 
functions, and any output files from any of the foregoing 
(including device programming or simulation files), and any 
associated documentation or information are expressly subject 
to the terms and conditions of the Intel Program License 
Subscription Agreement, the Intel Quartus Prime License Agreement,
the Intel FPGA IP License Agreement, or other applicable license
agreement, including, without limitation, that your use is for
the sole purpose of programming logic devices manufactured by
Intel and sold by Intel or its authorized distributors.  Please
refer to the applicable agreement for further details.



+----------------------------------------------------------------------------------+
; Flow Summary                                                                     ;
+------------------------------------+---------------------------------------------+
; Flow Status                        ; Successful - Tue Jun 14 17:21:40 2022       ;
; Quartus Prime Version              ; 18.0.0 Build 614 04/24/2018 SJ Lite Edition ;
; Revision Name                      ; PROC-ECE_ASYNC                              ;
; Top-level Entity Name              ; Top                                         ;
; Family                             ; MAX 10                                      ;
; Device                             ; 10M50DAF484C7G                              ;
; Timing Models                      ; Final                                       ;
; Total logic elements               ; 3,703 / 49,760 ( 7 % )                      ;
;     Total combinational functions  ; 3,601 / 49,760 ( 7 % )                      ;
;     Dedicated logic registers      ; 1,194 / 49,760 ( 2 % )                      ;
; Total registers                    ; 1194                                        ;
; Total pins                         ; 98 / 360 ( 27 % )                           ;
; Total virtual pins                 ; 0                                           ;
; Total memory bits                  ; 131,072 / 1,677,312 ( 8 % )                 ;
; Embedded Multiplier 9-bit elements ; 0 / 288 ( 0 % )                             ;
; Total PLLs                         ; 1 / 4 ( 25 % )                              ;
; UFM blocks                         ; 0 / 1 ( 0 % )                               ;
; ADC blocks                         ; 0 / 2 ( 0 % )                               ;
+------------------------------------+---------------------------------------------+


+-----------------------------------------+
; Flow Settings                           ;
+-------------------+---------------------+
; Option            ; Setting             ;
+-------------------+---------------------+
; Start date & time ; 06/14/2022 17:20:48 ;
; Main task         ; Compilation         ;
; Revision Name     ; PROC-ECE_ASYNC      ;
+-------------------+---------------------+


+-----------------------------------------------------------------------------------------------------------------------------------------------------------------------------+
; Flow Non-Default Global Settings                                                                                                                                            ;
+--------------------------------------+-------------------------------------------------------------------+----------------+-------------+-----------------------------------+
; Assignment Name                      ; Value                                                             ; Default Value  ; Entity Name ; Section Id                        ;
+--------------------------------------+-------------------------------------------------------------------+----------------+-------------+-----------------------------------+
; COMPILER_SIGNATURE_ID                ; 10995770589198.165522004811700                                    ; --             ; --          ; --                                ;
; EDA_DESIGN_ENTRY_SYNTHESIS_TOOL      ; Synplify Pro                                                      ; <None>         ; --          ; --                                ;
; EDA_DESIGN_INSTANCE_NAME             ; NA                                                                ; --             ; --          ; Testbench                         ;
; EDA_GENERATE_FUNCTIONAL_NETLIST      ; Off                                                               ; --             ; --          ; eda_board_design_timing           ;
; EDA_GENERATE_FUNCTIONAL_NETLIST      ; Off                                                               ; --             ; --          ; eda_board_design_boundary_scan    ;
; EDA_GENERATE_FUNCTIONAL_NETLIST      ; Off                                                               ; --             ; --          ; eda_board_design_signal_integrity ;
; EDA_GENERATE_FUNCTIONAL_NETLIST      ; Off                                                               ; --             ; --          ; eda_board_design_symbol           ;
; EDA_INPUT_DATA_FORMAT                ; Vqm                                                               ; --             ; --          ; eda_design_synthesis              ;
; EDA_LMF_FILE                         ; synplcty.lmf                                                      ; --             ; --          ; eda_design_synthesis              ;
; EDA_NATIVELINK_SIMULATION_TEST_BENCH ; Testbench                                                         ; --             ; --          ; eda_simulation                    ;
; EDA_OUTPUT_DATA_FORMAT               ; Vhdl                                                              ; --             ; --          ; eda_simulation                    ;
; EDA_SIMULATION_TOOL                  ; ModelSim-Altera (VHDL)                                            ; <None>         ; --          ; --                                ;
; EDA_TEST_BENCH_ENABLE_STATUS         ; TEST_BENCH_MODE                                                   ; --             ; --          ; eda_simulation                    ;
; EDA_TEST_BENCH_FILE                  ; vhdl_files/TestBench.vhd                                          ; --             ; --          ; Testbench                         ;
; EDA_TEST_BENCH_MODULE_NAME           ; TestBenchTop                                                      ; --             ; --          ; Testbench                         ;
; EDA_TEST_BENCH_NAME                  ; Testbench                                                         ; --             ; --          ; eda_simulation                    ;
; EDA_TIME_SCALE                       ; 1 ps                                                              ; --             ; --          ; eda_simulation                    ;
; MAX_CORE_JUNCTION_TEMP               ; 85                                                                ; --             ; --          ; --                                ;
; MIN_CORE_JUNCTION_TEMP               ; 0                                                                 ; --             ; --          ; --                                ;
; MISC_FILE                            ; qip_files/IM/IM.bsf                                               ; --             ; --          ; --                                ;
; MISC_FILE                            ; qip_files/IM/IM_inst.vhd                                          ; --             ; --          ; --                                ;
; MISC_FILE                            ; qip_files/IM/IM.inc                                               ; --             ; --          ; --                                ;
; MISC_FILE                            ; qip_files/IM/IM.cmp                                               ; --             ; --          ; --                                ;
; MISC_FILE                            ; qip_files/PLL/PLL.bsf                                             ; --             ; --          ; --                                ;
; MISC_FILE                            ; qip_files/PLL/PLL_inst.vhd                                        ; --             ; --          ; --                                ;
; MISC_FILE                            ; qip_files/PLL/PLL.inc                                             ; --             ; --          ; --                                ;
; MISC_FILE                            ; qip_files/PLL/PLL.cmp                                             ; --             ; --          ; --                                ;
; MISC_FILE                            ; qip_files/PLL/PLL.ppf                                             ; --             ; --          ; --                                ;
; MISC_FILE                            ; RAM_2PORT.cmp                                                     ; --             ; --          ; --                                ;
; MISC_FILE                            ; clock1M.cmp                                                       ; --             ; --          ; --                                ;
; MISC_FILE                            ; clock1M.ppf                                                       ; --             ; --          ; --                                ;
; MISC_FILE                            ; test.cmp                                                          ; --             ; --          ; --                                ;
; MISC_FILE                            ; test.ppf                                                          ; --             ; --          ; --                                ;
; NUM_PARALLEL_PROCESSORS              ; 4                                                                 ; --             ; --          ; --                                ;
; OUTPUT_IO_TIMING_FAR_END_VMEAS       ; Half Signal Swing                                                 ; --             ; --          ; --                                ;
; OUTPUT_IO_TIMING_FAR_END_VMEAS       ; Half Signal Swing                                                 ; --             ; --          ; --                                ;
; OUTPUT_IO_TIMING_NEAR_END_VMEAS      ; Half Vccio                                                        ; --             ; --          ; --                                ;
; OUTPUT_IO_TIMING_NEAR_END_VMEAS      ; Half Vccio                                                        ; --             ; --          ; --                                ;
; PARTITION_COLOR                      ; -- (Not supported for targeted family)                            ; --             ; Top         ; Top                               ;
; PARTITION_FITTER_PRESERVATION_LEVEL  ; -- (Not supported for targeted family)                            ; --             ; Top         ; Top                               ;
; PARTITION_NETLIST_TYPE               ; -- (Not supported for targeted family)                            ; --             ; Top         ; Top                               ;
; POWER_BOARD_THERMAL_MODEL            ; None (CONSERVATIVE)                                               ; --             ; --          ; --                                ;
; POWER_PRESET_COOLING_SOLUTION        ; 23 MM HEAT SINK WITH 200 LFPM AIRFLOW                             ; --             ; --          ; --                                ;
; PROJECT_OUTPUT_DIRECTORY             ; output_files                                                      ; --             ; --          ; --                                ;
; SEARCH_PATH                          ; c:\users\bernacchia\desktop\risc-v\vhdl\proc-ece_async\custom_lib ; --             ; --          ; --                                ;
; TOP_LEVEL_ENTITY                     ; Top                                                               ; PROC-ECE_ASYNC ; --          ; --                                ;
+--------------------------------------+-------------------------------------------------------------------+----------------+-------------+-----------------------------------+


+--------------------------------------------------------------------------------------------------------------------------+
; Flow Elapsed Time                                                                                                        ;
+----------------------+--------------+-------------------------+---------------------+------------------------------------+
; Module Name          ; Elapsed Time ; Average Processors Used ; Peak Virtual Memory ; Total CPU Time (on all processors) ;
+----------------------+--------------+-------------------------+---------------------+------------------------------------+
; Analysis & Synthesis ; 00:00:21     ; 1.0                     ; 4835 MB             ; 00:00:30                           ;
; Fitter               ; 00:00:18     ; 1.4                     ; 5676 MB             ; 00:00:29                           ;
; Assembler            ; 00:00:03     ; 1.0                     ; 4691 MB             ; 00:00:03                           ;
; Timing Analyzer      ; 00:00:05     ; 1.9                     ; 4856 MB             ; 00:00:09                           ;
; EDA Netlist Writer   ; 00:00:01     ; 1.0                     ; 4700 MB             ; 00:00:02                           ;
; Total                ; 00:00:48     ; --                      ; --                  ; 00:01:13                           ;
+----------------------+--------------+-------------------------+---------------------+------------------------------------+


+------------------------------------------------------------------------------------+
; Flow OS Summary                                                                    ;
+----------------------+------------------+------------+------------+----------------+
; Module Name          ; Machine Hostname ; OS Name    ; OS Version ; Processor type ;
+----------------------+------------------+------------+------------+----------------+
; Analysis & Synthesis ; Quentin          ; Windows 10 ; 10.0       ; x86_64         ;
; Fitter               ; Quentin          ; Windows 10 ; 10.0       ; x86_64         ;
; Assembler            ; Quentin          ; Windows 10 ; 10.0       ; x86_64         ;
; Timing Analyzer      ; Quentin          ; Windows 10 ; 10.0       ; x86_64         ;
; EDA Netlist Writer   ; Quentin          ; Windows 10 ; 10.0       ; x86_64         ;
+----------------------+------------------+------------+------------+----------------+


------------
; Flow Log ;
------------
quartus_map --read_settings_files=on --write_settings_files=off PROC-ECE_ASYNC -c PROC-ECE_ASYNC
quartus_fit --read_settings_files=off --write_settings_files=off PROC-ECE_ASYNC -c PROC-ECE_ASYNC
quartus_asm --read_settings_files=off --write_settings_files=off PROC-ECE_ASYNC -c PROC-ECE_ASYNC
quartus_sta PROC-ECE_ASYNC -c PROC-ECE_ASYNC
quartus_eda --read_settings_files=off --write_settings_files=off PROC-ECE_ASYNC -c PROC-ECE_ASYNC



